[2025-12-03T19:14:31.326Z] === Starting new training run ===
[2025-12-03T19:14:31.326Z] Date: 2025-12-03
[2025-12-03T19:14:31.326Z] Run label: 2025-12-03-190820-46843f
[2025-12-03T19:14:31.327Z] Work directory: /home/greggles/metahuman/metahuman-runs/greggles/2025-12-03/2025-12-03-190820-46843f
[2025-12-03T19:14:31.327Z] RUNPOD_NO_GATEWAY=1 set; skipping gateway schema probes.
[2025-12-03T19:14:31.327Z] RUNPOD_DIRECT_SSH_USER=root; will prefer this user for direct SSH.
[2025-12-03T19:14:31.327Z] Using RUNPOD_TEMPLATE_ID=6r5jlk3b89
[2025-12-03T19:14:31.327Z] LoRA mode: Using NVIDIA GeForce RTX 5090
[2025-12-03T19:14:31.327Z] Selected GPU type: NVIDIA GeForce RTX 5090
[2025-12-03T19:14:31.327Z] Attempting to deploy pod on COMMUNITY cloud...
[2025-12-03T19:14:32.431Z] Pod created successfully on COMMUNITY cloud. Pod ID: xepzp41a93afzm
[2025-12-03T19:14:32.433Z] Waiting for pod to become RUNNING...
[2025-12-03T19:14:32.433Z] Waiting for pod ssh gateway... (Attempt 1/120)
[2025-12-03T19:14:38.030Z] Waiting for pod ssh gateway... (Attempt 2/120)
[2025-12-03T19:14:43.659Z] Waiting for pod ssh gateway... (Attempt 3/120)
[2025-12-03T19:14:49.191Z] Waiting for pod ssh gateway... (Attempt 4/120)
[2025-12-03T19:14:54.824Z] Waiting for pod ssh gateway... (Attempt 5/120)
[2025-12-03T19:15:00.355Z] Waiting for pod ssh gateway... (Attempt 6/120)
[2025-12-03T19:15:05.833Z] Waiting for pod ssh gateway... (Attempt 7/120)
[2025-12-03T19:15:11.361Z] Waiting for pod ssh gateway... (Attempt 8/120)
[2025-12-03T19:15:16.872Z] Waiting for pod ssh gateway... (Attempt 9/120)
[2025-12-03T19:15:22.371Z] Waiting for pod ssh gateway... (Attempt 10/120)
[2025-12-03T19:15:28.002Z] Waiting for pod ssh gateway... (Attempt 11/120)
[2025-12-03T19:15:33.670Z] Waiting for pod ssh gateway... (Attempt 12/120)
[2025-12-03T19:15:39.195Z] Waiting for pod ssh gateway... (Attempt 13/120)
[2025-12-03T19:15:44.795Z] Waiting for pod ssh gateway... (Attempt 14/120)
[2025-12-03T19:15:50.306Z] Waiting for pod ssh gateway... (Attempt 15/120)
[2025-12-03T19:15:55.853Z] Waiting for pod ssh gateway... (Attempt 16/120)
[2025-12-03T19:16:01.359Z] Waiting for pod ssh gateway... (Attempt 17/120)
[2025-12-03T19:16:06.995Z] Waiting for pod ssh gateway... (Attempt 18/120)
[2025-12-03T19:16:12.462Z] Waiting for pod ssh gateway... (Attempt 19/120)
[2025-12-03T19:16:17.955Z] Waiting for pod ssh gateway... (Attempt 20/120)
[2025-12-03T19:16:23.601Z] Waiting for pod ssh gateway... (Attempt 21/120)
[2025-12-03T19:16:29.081Z] Waiting for pod ssh gateway... (Attempt 22/120)
[2025-12-03T19:16:34.577Z] Waiting for pod ssh gateway... (Attempt 23/120)
[2025-12-03T19:16:40.276Z] Waiting for pod ssh gateway... (Attempt 24/120)
[2025-12-03T19:16:45.765Z] Waiting for pod ssh gateway... (Attempt 25/120)
[2025-12-03T19:16:51.244Z] Waiting for pod ssh gateway... (Attempt 26/120)
[2025-12-03T19:16:56.732Z] Waiting for pod ssh gateway... (Attempt 27/120)
[2025-12-03T19:17:02.616Z] Waiting for pod ssh gateway... (Attempt 28/120)
[2025-12-03T19:17:08.092Z] Waiting for pod ssh gateway... (Attempt 29/120)
[2025-12-03T19:17:13.565Z] Waiting for pod ssh gateway... (Attempt 30/120)
[2025-12-03T19:17:19.083Z] Waiting for pod ssh gateway... (Attempt 31/120)
[2025-12-03T19:17:24.542Z] Waiting for pod ssh gateway... (Attempt 32/120)
[2025-12-03T19:17:30.068Z] Waiting for pod ssh gateway... (Attempt 33/120)
[2025-12-03T19:17:35.726Z] Waiting for pod ssh gateway... (Attempt 34/120)
[2025-12-03T19:17:41.222Z] Waiting for pod ssh gateway... (Attempt 35/120)
[2025-12-03T19:17:46.753Z] Waiting for pod ssh gateway... (Attempt 36/120)
[2025-12-03T19:17:52.272Z] Waiting for pod ssh gateway... (Attempt 37/120)
[2025-12-03T19:17:57.776Z] Waiting for pod ssh gateway... (Attempt 38/120)
[2025-12-03T19:18:03.341Z] Waiting for pod ssh gateway... (Attempt 39/120)
[2025-12-03T19:18:08.853Z] Waiting for pod ssh gateway... (Attempt 40/120)
[2025-12-03T19:18:14.372Z] Waiting for pod ssh gateway... (Attempt 41/120)
[2025-12-03T19:18:20.033Z] Waiting for pod ssh gateway... (Attempt 42/120)
[2025-12-03T19:18:25.666Z] Waiting for pod ssh gateway... (Attempt 43/120)
[2025-12-03T19:18:31.301Z] Waiting for pod ssh gateway... (Attempt 44/120)
[2025-12-03T19:18:36.811Z] Waiting for pod ssh gateway... (Attempt 45/120)
[2025-12-03T19:18:42.297Z] Waiting for pod ssh gateway... (Attempt 46/120)
[2025-12-03T19:18:47.885Z] Waiting for pod ssh gateway... (Attempt 47/120)
[2025-12-03T19:18:53.385Z] Waiting for pod ssh gateway... (Attempt 48/120)
[2025-12-03T19:18:58.876Z] Waiting for pod ssh gateway... (Attempt 49/120)
[2025-12-03T19:19:04.390Z] Waiting for pod ssh gateway... (Attempt 50/120)
[2025-12-03T19:19:09.900Z] Waiting for pod ssh gateway... (Attempt 51/120)
[2025-12-03T19:19:15.381Z] Waiting for pod ssh gateway... (Attempt 52/120)
[2025-12-03T19:19:15.910Z] runtime.ports: [{"ip":"100.65.11.55","isIpPublic":false,"privatePort":19123,"publicPort":60910,"type":"http"},{"ip":"87.197.111.68","isIpPublic":true,"privatePort":22,"publicPort":42093,"type":"tcp"},{"ip":"87.197.111.68","isIpPublic":true,"privatePort":22,"publicPort":42094,"type":"udp"}]
[2025-12-03T19:19:15.910Z] Public port mapping detected and NO_GATEWAY=1; proceeding without gateway discovery.
[2025-12-03T19:19:15.911Z] Using default SSH key path: /home/greggles/.ssh/id_ed25519
[2025-12-03T19:19:15.911Z] Key path candidate: /home/greggles/.ssh/id_ed25519
[2025-12-03T19:19:15.911Z] SSH probe candidates: root
[2025-12-03T19:19:18.932Z] Direct SSH handshake succeeded as root@87.197.111.68:42093 (attempt 1)
[2025-12-03T19:19:18.933Z] Wrote fresh connection.json for this pod: /home/greggles/metahuman/metahuman-runs/greggles/2025-12-03/2025-12-03-190820-46843f/connection.json
[2025-12-03T19:19:18.933Z] Using direct SSH mode: root@87.197.111.68:42093
[2025-12-03T19:19:18.934Z] Checking for Python, pip, and workspace setup
[2025-12-03T19:19:22.077Z] Environment check passed: Python 3.12.3
pip 25.2 from /usr/local/lib/python3.12/dist-packages/pip (python 3.12)
input
train_unsloth.py
unsloth-venv
ENV_READY

[2025-12-03T19:19:22.077Z] Uploading curated training files via base64-over-ssh (samples: 347)...
[2025-12-03T19:19:24.872Z] Directory creation result: total 4
drwxr-xr-x 5 root root   97 Dec  3 19:18 .
drwxr-xr-x 1 root root   86 Dec  3 19:18 ..
drwxr-xr-x 3 root root   25 Dec  3 19:18 .cache
drwxr-xr-x 2 root root   10 Oct 27 16:03 input
-rw-rw-r-- 1 root root 3177 Oct 27 02:08 train_unsloth.py
drwxr-xr-x 6 root root  115 Dec  3 19:18 unsloth-venv

[2025-12-03T19:19:24.873Z] Uploading unsloth_dataset.jsonl to /workspace/input/unsloth_dataset.jsonl (attempt 1/3)...
[2025-12-03T19:19:29.461Z] Upload of unsloth_dataset.jsonl successful.
[2025-12-03T19:19:29.462Z] Uploading config.json to /workspace/input/config.json (attempt 1/3)...
[2025-12-03T19:19:32.856Z] Upload of config.json successful.
[2025-12-03T19:19:32.857Z] Uploading core.json to /workspace/input/persona.json (attempt 1/3)...
[2025-12-03T19:19:35.931Z] Upload of core.json successful.
[2025-12-03T19:19:35.932Z] Uploaded persona data for training context
[2025-12-03T19:19:35.933Z] LoRA training mode detected
[2025-12-03T19:19:35.933Z] Uploading training script from: /home/greggles/metahuman/docker/runpod-trainer/train_unsloth.py
[2025-12-03T19:19:35.933Z] Uploading train_unsloth.py to /workspace/train_unsloth.py (attempt 1/3)...
[2025-12-03T19:19:38.806Z] Upload of train_unsloth.py successful.
[2025-12-03T19:19:41.474Z] Training script verification: 492 /workspace/train_unsloth.py
-rw-rw-r-- 1 root root 21K Dec  3 19:19 /workspace/train_unsloth.py
[2025-12-03T19:19:47.090Z] Upload verification: 7ceea09989c342137e20919a3605dfe556b0ea36e4586e016fa361d59853a5f4  /workspace/input/config.json
[2025-12-03T19:19:47.090Z] Executing remote training script: train_unsloth.py
