[2025-11-24T09:12:51.782Z] === Starting new training run ===
[2025-11-24T09:12:51.782Z] Date: 2025-11-24
[2025-11-24T09:12:51.782Z] Run label: 2025-11-24-091251-77c208
[2025-11-24T09:12:51.782Z] Work directory: /home/greggles/metahuman/metahuman-runs/greggles/2025-11-24/2025-11-24-091251-77c208
[2025-11-24T09:12:51.783Z] RUNPOD_NO_GATEWAY=1 set; skipping gateway schema probes.
[2025-11-24T09:12:51.783Z] RUNPOD_DIRECT_SSH_USER=root; will prefer this user for direct SSH.
[2025-11-24T09:12:51.783Z] Using RUNPOD_TEMPLATE_ID=6r5jlk3b89
[2025-11-24T09:12:51.783Z] LoRA mode: Using NVIDIA GeForce RTX 5090
[2025-11-24T09:12:51.783Z] Selected GPU type: NVIDIA GeForce RTX 5090
[2025-11-24T09:12:51.783Z] Attempting to deploy pod on COMMUNITY cloud...
[2025-11-24T09:12:52.784Z] Pod created successfully on COMMUNITY cloud. Pod ID: h70r20f8hah1is
[2025-11-24T09:12:52.785Z] Waiting for pod to become RUNNING...
[2025-11-24T09:12:52.785Z] Waiting for pod ssh gateway... (Attempt 1/120)
[2025-11-24T09:12:58.160Z] Waiting for pod ssh gateway... (Attempt 2/120)
[2025-11-24T09:13:03.794Z] Waiting for pod ssh gateway... (Attempt 3/120)
[2025-11-24T09:13:09.347Z] Waiting for pod ssh gateway... (Attempt 4/120)
[2025-11-24T09:13:14.976Z] Waiting for pod ssh gateway... (Attempt 5/120)
[2025-11-24T09:13:20.501Z] Waiting for pod ssh gateway... (Attempt 6/120)
[2025-11-24T09:13:26.104Z] Waiting for pod ssh gateway... (Attempt 7/120)
[2025-11-24T09:13:31.689Z] Waiting for pod ssh gateway... (Attempt 8/120)
[2025-11-24T09:13:37.274Z] Waiting for pod ssh gateway... (Attempt 9/120)
[2025-11-24T09:13:42.830Z] Waiting for pod ssh gateway... (Attempt 10/120)
[2025-11-24T09:13:48.564Z] Waiting for pod ssh gateway... (Attempt 11/120)
[2025-11-24T09:13:54.083Z] Waiting for pod ssh gateway... (Attempt 12/120)
[2025-11-24T09:13:59.829Z] Waiting for pod ssh gateway... (Attempt 13/120)
[2025-11-24T09:14:05.346Z] Waiting for pod ssh gateway... (Attempt 14/120)
[2025-11-24T09:14:10.887Z] Waiting for pod ssh gateway... (Attempt 15/120)
[2025-11-24T09:14:16.391Z] Waiting for pod ssh gateway... (Attempt 16/120)
[2025-11-24T09:14:21.941Z] Waiting for pod ssh gateway... (Attempt 17/120)
[2025-11-24T09:14:27.492Z] Waiting for pod ssh gateway... (Attempt 18/120)
[2025-11-24T09:14:33.211Z] Waiting for pod ssh gateway... (Attempt 19/120)
[2025-11-24T09:14:38.736Z] Waiting for pod ssh gateway... (Attempt 20/120)
[2025-11-24T09:14:44.372Z] Waiting for pod ssh gateway... (Attempt 21/120)
[2025-11-24T09:14:50.005Z] Waiting for pod ssh gateway... (Attempt 22/120)
[2025-11-24T09:14:55.626Z] Waiting for pod ssh gateway... (Attempt 23/120)
[2025-11-24T09:15:01.145Z] Waiting for pod ssh gateway... (Attempt 24/120)
[2025-11-24T09:15:06.907Z] Waiting for pod ssh gateway... (Attempt 25/120)
[2025-11-24T09:15:12.534Z] Waiting for pod ssh gateway... (Attempt 26/120)
[2025-11-24T09:15:18.112Z] Waiting for pod ssh gateway... (Attempt 27/120)
[2025-11-24T09:15:23.694Z] Waiting for pod ssh gateway... (Attempt 28/120)
[2025-11-24T09:15:29.224Z] Waiting for pod ssh gateway... (Attempt 29/120)
[2025-11-24T09:15:34.718Z] Waiting for pod ssh gateway... (Attempt 30/120)
[2025-11-24T09:15:40.103Z] Waiting for pod ssh gateway... (Attempt 31/120)
[2025-11-24T09:15:45.620Z] Waiting for pod ssh gateway... (Attempt 32/120)
[2025-11-24T09:15:51.135Z] Waiting for pod ssh gateway... (Attempt 33/120)
[2025-11-24T09:15:56.770Z] Waiting for pod ssh gateway... (Attempt 34/120)
[2025-11-24T09:16:02.284Z] Waiting for pod ssh gateway... (Attempt 35/120)
[2025-11-24T09:16:07.830Z] Waiting for pod ssh gateway... (Attempt 36/120)
[2025-11-24T09:16:13.360Z] Waiting for pod ssh gateway... (Attempt 37/120)
[2025-11-24T09:16:18.714Z] Waiting for pod ssh gateway... (Attempt 38/120)
[2025-11-24T09:16:24.262Z] Waiting for pod ssh gateway... (Attempt 39/120)
[2025-11-24T09:16:29.826Z] Waiting for pod ssh gateway... (Attempt 40/120)
[2025-11-24T09:16:35.468Z] Waiting for pod ssh gateway... (Attempt 41/120)
[2025-11-24T09:16:41.085Z] Waiting for pod ssh gateway... (Attempt 42/120)
[2025-11-24T09:16:46.626Z] Waiting for pod ssh gateway... (Attempt 43/120)
[2025-11-24T09:16:52.272Z] Waiting for pod ssh gateway... (Attempt 44/120)
[2025-11-24T09:16:57.823Z] Waiting for pod ssh gateway... (Attempt 45/120)
[2025-11-24T09:17:03.374Z] Waiting for pod ssh gateway... (Attempt 46/120)
[2025-11-24T09:17:08.887Z] Waiting for pod ssh gateway... (Attempt 47/120)
[2025-11-24T09:17:14.498Z] Waiting for pod ssh gateway... (Attempt 48/120)
[2025-11-24T09:17:20.093Z] Waiting for pod ssh gateway... (Attempt 49/120)
[2025-11-24T09:17:25.845Z] Waiting for pod ssh gateway... (Attempt 50/120)
[2025-11-24T09:17:31.596Z] Waiting for pod ssh gateway... (Attempt 51/120)
[2025-11-24T09:17:37.133Z] Waiting for pod ssh gateway... (Attempt 52/120)
[2025-11-24T09:17:42.640Z] Waiting for pod ssh gateway... (Attempt 53/120)
[2025-11-24T09:17:48.294Z] Waiting for pod ssh gateway... (Attempt 54/120)
[2025-11-24T09:17:53.815Z] Waiting for pod ssh gateway... (Attempt 55/120)
[2025-11-24T09:17:59.321Z] Waiting for pod ssh gateway... (Attempt 56/120)
[2025-11-24T09:18:04.892Z] Waiting for pod ssh gateway... (Attempt 57/120)
[2025-11-24T09:18:10.917Z] Waiting for pod ssh gateway... (Attempt 58/120)
[2025-11-24T09:18:16.443Z] Waiting for pod ssh gateway... (Attempt 59/120)
[2025-11-24T09:18:21.991Z] Waiting for pod ssh gateway... (Attempt 60/120)
[2025-11-24T09:18:27.527Z] Waiting for pod ssh gateway... (Attempt 61/120)
[2025-11-24T09:18:33.053Z] Waiting for pod ssh gateway... (Attempt 62/120)
[2025-11-24T09:18:38.569Z] Waiting for pod ssh gateway... (Attempt 63/120)
[2025-11-24T09:18:44.142Z] Waiting for pod ssh gateway... (Attempt 64/120)
[2025-11-24T09:18:49.659Z] Waiting for pod ssh gateway... (Attempt 65/120)
[2025-11-24T09:18:55.205Z] Waiting for pod ssh gateway... (Attempt 66/120)
[2025-11-24T09:19:00.734Z] Waiting for pod ssh gateway... (Attempt 67/120)
[2025-11-24T09:19:06.249Z] Waiting for pod ssh gateway... (Attempt 68/120)
[2025-11-24T09:19:11.829Z] Waiting for pod ssh gateway... (Attempt 69/120)
[2025-11-24T09:19:17.444Z] Waiting for pod ssh gateway... (Attempt 70/120)
[2025-11-24T09:19:23.202Z] Waiting for pod ssh gateway... (Attempt 71/120)
[2025-11-24T09:19:28.846Z] Waiting for pod ssh gateway... (Attempt 72/120)
[2025-11-24T09:19:34.404Z] Waiting for pod ssh gateway... (Attempt 73/120)
[2025-11-24T09:19:40.113Z] Waiting for pod ssh gateway... (Attempt 74/120)
[2025-11-24T09:19:45.740Z] Waiting for pod ssh gateway... (Attempt 75/120)
[2025-11-24T09:19:51.297Z] Waiting for pod ssh gateway... (Attempt 76/120)
[2025-11-24T09:19:56.785Z] Waiting for pod ssh gateway... (Attempt 77/120)
[2025-11-24T09:20:02.280Z] Waiting for pod ssh gateway... (Attempt 78/120)
[2025-11-24T09:20:07.837Z] Waiting for pod ssh gateway... (Attempt 79/120)
[2025-11-24T09:20:13.375Z] Waiting for pod ssh gateway... (Attempt 80/120)
[2025-11-24T09:20:18.906Z] Waiting for pod ssh gateway... (Attempt 81/120)
[2025-11-24T09:20:24.454Z] Waiting for pod ssh gateway... (Attempt 82/120)
[2025-11-24T09:20:30.025Z] Waiting for pod ssh gateway... (Attempt 83/120)
[2025-11-24T09:20:35.559Z] Waiting for pod ssh gateway... (Attempt 84/120)
[2025-11-24T09:20:41.112Z] Waiting for pod ssh gateway... (Attempt 85/120)
[2025-11-24T09:20:46.648Z] Waiting for pod ssh gateway... (Attempt 86/120)
[2025-11-24T09:20:52.410Z] Waiting for pod ssh gateway... (Attempt 87/120)
[2025-11-24T09:20:57.974Z] Waiting for pod ssh gateway... (Attempt 88/120)
[2025-11-24T09:21:03.507Z] Waiting for pod ssh gateway... (Attempt 89/120)
[2025-11-24T09:21:09.053Z] Waiting for pod ssh gateway... (Attempt 90/120)
[2025-11-24T09:21:14.594Z] Waiting for pod ssh gateway... (Attempt 91/120)
[2025-11-24T09:21:20.261Z] Waiting for pod ssh gateway... (Attempt 92/120)
[2025-11-24T09:21:25.888Z] Waiting for pod ssh gateway... (Attempt 93/120)
[2025-11-24T09:21:31.611Z] Waiting for pod ssh gateway... (Attempt 94/120)
[2025-11-24T09:21:37.153Z] Waiting for pod ssh gateway... (Attempt 95/120)
[2025-11-24T09:21:42.842Z] Waiting for pod ssh gateway... (Attempt 96/120)
[2025-11-24T09:21:48.375Z] Waiting for pod ssh gateway... (Attempt 97/120)
[2025-11-24T09:21:53.638Z] Waiting for pod ssh gateway... (Attempt 98/120)
[2025-11-24T09:21:58.861Z] Waiting for pod ssh gateway... (Attempt 99/120)
[2025-11-24T09:22:04.235Z] Waiting for pod ssh gateway... (Attempt 100/120)
[2025-11-24T09:22:09.461Z] Waiting for pod ssh gateway... (Attempt 101/120)
[2025-11-24T09:22:14.693Z] Waiting for pod ssh gateway... (Attempt 102/120)
[2025-11-24T09:22:19.887Z] Waiting for pod ssh gateway... (Attempt 103/120)
[2025-11-24T09:22:25.178Z] Waiting for pod ssh gateway... (Attempt 104/120)
[2025-11-24T09:22:30.386Z] Waiting for pod ssh gateway... (Attempt 105/120)
[2025-11-24T09:22:35.590Z] Waiting for pod ssh gateway... (Attempt 106/120)
[2025-11-24T09:22:40.781Z] Waiting for pod ssh gateway... (Attempt 107/120)
[2025-11-24T09:22:46.025Z] Waiting for pod ssh gateway... (Attempt 108/120)
[2025-11-24T09:22:51.291Z] Waiting for pod ssh gateway... (Attempt 109/120)
[2025-11-24T09:22:56.629Z] Waiting for pod ssh gateway... (Attempt 110/120)
[2025-11-24T09:23:01.867Z] Waiting for pod ssh gateway... (Attempt 111/120)
[2025-11-24T09:23:07.267Z] Waiting for pod ssh gateway... (Attempt 112/120)
[2025-11-24T09:23:12.898Z] Waiting for pod ssh gateway... (Attempt 113/120)
[2025-11-24T09:23:18.120Z] Waiting for pod ssh gateway... (Attempt 114/120)
[2025-11-24T09:23:23.347Z] Waiting for pod ssh gateway... (Attempt 115/120)
[2025-11-24T09:23:28.544Z] Waiting for pod ssh gateway... (Attempt 116/120)
[2025-11-24T09:23:33.786Z] Waiting for pod ssh gateway... (Attempt 117/120)
[2025-11-24T09:23:39.019Z] Waiting for pod ssh gateway... (Attempt 118/120)
[2025-11-24T09:23:44.331Z] Waiting for pod ssh gateway... (Attempt 119/120)
[2025-11-24T09:23:49.532Z] Waiting for pod ssh gateway... (Attempt 120/120)
[2025-11-24T09:23:54.742Z] Using default SSH key path: /home/greggles/.ssh/id_ed25519
[2025-11-24T09:23:54.742Z] An error occurred: RunPod GraphQL did not expose sshCommand and no manual ssh_user/ssh_host found. Please create /home/greggles/metahuman/metahuman-runs/greggles/2025-11-24/2025-11-24-091251-77c208/connection.json with {"ssh_user":"<value>", "ssh_host":"ssh.runpod.io", "ssh_key_path":"~/.ssh/id_ed25519"}
[2025-11-24T09:23:54.743Z] Terminating pod h70r20f8hah1is...
[2025-11-24T09:23:55.001Z] Pod termination request sent successfully.
[2025-11-24T09:23:55.134Z] Auto-cleanup failed: ENOENT: no such file or directory, stat '/home/greggles/metahuman/profiles/greggles/out/adapters/2025-11-22/adapter.gguf'
