[2025-10-28T17:16:27.465Z] === Starting new training run ===
[2025-10-28T17:16:27.465Z] Date: 2025-10-28
[2025-10-28T17:16:27.465Z] Work directory: /home/greggles/metahuman/metahuman-runs/2025-10-28
[2025-10-28T17:16:27.465Z] RUNPOD_NO_GATEWAY=1 set; skipping gateway schema probes.
[2025-10-28T17:16:27.465Z] RUNPOD_DIRECT_SSH_USER=root; will prefer this user for direct SSH.
[2025-10-28T17:16:27.465Z] Using RUNPOD_TEMPLATE_ID=6r5jlk3b89
[2025-10-28T17:16:27.466Z] Using GPU type: NVIDIA GeForce RTX 5090
[2025-10-28T17:16:27.466Z] Attempting to deploy pod on COMMUNITY cloud...
[2025-10-28T17:16:29.014Z] Pod created successfully on COMMUNITY cloud. Pod ID: 374312oyoks158
[2025-10-28T17:16:29.014Z] Waiting for pod to become RUNNING...
[2025-10-28T17:16:29.014Z] Waiting for pod ssh gateway... (Attempt 1/120)
[2025-10-28T17:16:34.911Z] Waiting for pod ssh gateway... (Attempt 2/120)
[2025-10-28T17:16:40.540Z] Waiting for pod ssh gateway... (Attempt 3/120)
[2025-10-28T17:16:46.994Z] Waiting for pod ssh gateway... (Attempt 4/120)
[2025-10-28T17:16:52.716Z] Waiting for pod ssh gateway... (Attempt 5/120)
[2025-10-28T17:16:58.397Z] Waiting for pod ssh gateway... (Attempt 6/120)
[2025-10-28T17:17:03.856Z] Waiting for pod ssh gateway... (Attempt 7/120)
[2025-10-28T17:17:09.519Z] Waiting for pod ssh gateway... (Attempt 8/120)
[2025-10-28T17:17:15.153Z] Waiting for pod ssh gateway... (Attempt 9/120)
[2025-10-28T17:17:20.782Z] Waiting for pod ssh gateway... (Attempt 10/120)
[2025-10-28T17:17:26.415Z] Waiting for pod ssh gateway... (Attempt 11/120)
[2025-10-28T17:17:32.046Z] Waiting for pod ssh gateway... (Attempt 12/120)
[2025-10-28T17:17:37.987Z] Waiting for pod ssh gateway... (Attempt 13/120)
[2025-10-28T17:17:43.618Z] Waiting for pod ssh gateway... (Attempt 14/120)
[2025-10-28T17:17:49.250Z] Waiting for pod ssh gateway... (Attempt 15/120)
[2025-10-28T17:17:54.980Z] Waiting for pod ssh gateway... (Attempt 16/120)
[2025-10-28T17:18:00.621Z] Waiting for pod ssh gateway... (Attempt 17/120)
[2025-10-28T17:18:06.349Z] Waiting for pod ssh gateway... (Attempt 18/120)
[2025-10-28T17:18:11.982Z] Waiting for pod ssh gateway... (Attempt 19/120)
[2025-10-28T17:18:17.613Z] Waiting for pod ssh gateway... (Attempt 20/120)
[2025-10-28T17:18:23.670Z] Waiting for pod ssh gateway... (Attempt 21/120)
[2025-10-28T17:18:29.391Z] Waiting for pod ssh gateway... (Attempt 22/120)
[2025-10-28T17:18:34.905Z] Waiting for pod ssh gateway... (Attempt 23/120)
[2025-10-28T17:18:40.347Z] Waiting for pod ssh gateway... (Attempt 24/120)
[2025-10-28T17:18:45.979Z] Waiting for pod ssh gateway... (Attempt 25/120)
[2025-10-28T17:18:52.123Z] Waiting for pod ssh gateway... (Attempt 26/120)
[2025-10-28T17:18:57.594Z] Waiting for pod ssh gateway... (Attempt 27/120)
[2025-10-28T17:19:03.182Z] Waiting for pod ssh gateway... (Attempt 28/120)
[2025-10-28T17:19:08.815Z] Waiting for pod ssh gateway... (Attempt 29/120)
[2025-10-28T17:19:14.446Z] Waiting for pod ssh gateway... (Attempt 30/120)
[2025-10-28T17:19:20.183Z] Waiting for pod ssh gateway... (Attempt 31/120)
[2025-10-28T17:19:25.710Z] Waiting for pod ssh gateway... (Attempt 32/120)
[2025-10-28T17:19:31.444Z] Waiting for pod ssh gateway... (Attempt 33/120)
[2025-10-28T17:19:37.076Z] Waiting for pod ssh gateway... (Attempt 34/120)
[2025-10-28T17:19:43.117Z] Waiting for pod ssh gateway... (Attempt 35/120)
[2025-10-28T17:19:48.710Z] Waiting for pod ssh gateway... (Attempt 36/120)
[2025-10-28T17:19:54.160Z] Waiting for pod ssh gateway... (Attempt 37/120)
[2025-10-28T17:19:59.743Z] Waiting for pod ssh gateway... (Attempt 38/120)
[2025-10-28T17:20:05.234Z] Waiting for pod ssh gateway... (Attempt 39/120)
[2025-10-28T17:20:10.694Z] Waiting for pod ssh gateway... (Attempt 40/120)
[2025-10-28T17:20:16.202Z] Waiting for pod ssh gateway... (Attempt 41/120)
[2025-10-28T17:20:22.125Z] Waiting for pod ssh gateway... (Attempt 42/120)
[2025-10-28T17:20:27.873Z] Waiting for pod ssh gateway... (Attempt 43/120)
[2025-10-28T17:20:33.498Z] Waiting for pod ssh gateway... (Attempt 44/120)
[2025-10-28T17:20:38.969Z] Waiting for pod ssh gateway... (Attempt 45/120)
[2025-10-28T17:20:45.689Z] Waiting for pod ssh gateway... (Attempt 46/120)
[2025-10-28T17:20:51.828Z] Waiting for pod ssh gateway... (Attempt 47/120)
[2025-10-28T17:20:58.484Z] Waiting for pod ssh gateway... (Attempt 48/120)
[2025-10-28T17:21:04.177Z] Waiting for pod ssh gateway... (Attempt 49/120)
[2025-10-28T17:21:09.745Z] Waiting for pod ssh gateway... (Attempt 50/120)
[2025-10-28T17:21:15.377Z] Waiting for pod ssh gateway... (Attempt 51/120)
[2025-10-28T17:21:21.379Z] Waiting for pod ssh gateway... (Attempt 52/120)
[2025-10-28T17:21:26.951Z] Waiting for pod ssh gateway... (Attempt 53/120)
[2025-10-28T17:21:32.889Z] Waiting for pod ssh gateway... (Attempt 54/120)
[2025-10-28T17:21:38.462Z] Waiting for pod ssh gateway... (Attempt 55/120)
[2025-10-28T17:21:44.403Z] Waiting for pod ssh gateway... (Attempt 56/120)
[2025-10-28T17:21:44.886Z] runtime.ports: [{"ip":"100.65.29.197","isIpPublic":false,"privatePort":19123,"publicPort":60185,"type":"http"},{"ip":"80.15.7.37","isIpPublic":true,"privatePort":22,"publicPort":39600,"type":"tcp"},{"ip":"80.15.7.37","isIpPublic":true,"privatePort":22,"publicPort":39601,"type":"udp"}]
[2025-10-28T17:21:44.886Z] Public port mapping detected and NO_GATEWAY=1; proceeding without gateway discovery.
[2025-10-28T17:21:44.886Z] Key path candidate: /home/greggles/.ssh/id_ed25519
[2025-10-28T17:21:44.886Z] SSH probe candidates: root
[2025-10-28T17:21:48.982Z] Direct SSH handshake succeeded as root@80.15.7.37:39600 (attempt 1)
[2025-10-28T17:21:48.983Z] Wrote fresh connection.json for this pod: /home/greggles/metahuman/metahuman-runs/2025-10-28/connection.json
[2025-10-28T17:21:48.983Z] Using direct SSH mode: root@80.15.7.37:39600
[2025-10-28T17:21:48.983Z] Uploading files via base64-over-ssh (samples: 197)...
[2025-10-28T17:21:51.747Z] Uploading unsloth_dataset.jsonl to /workspace/input/unsloth_dataset.jsonl (attempt 1/3)...
[2025-10-28T17:21:56.563Z] Upload of unsloth_dataset.jsonl successful.
[2025-10-28T17:21:56.563Z] Uploading config.json to /workspace/input/config.json (attempt 1/3)...
[2025-10-28T17:22:00.045Z] Upload of config.json successful.
[2025-10-28T17:22:00.045Z] Uploading fixed training script from: /home/greggles/metahuman/docker/runpod-trainer/train_unsloth.py
[2025-10-28T17:22:00.046Z] Uploading train_unsloth.py to /workspace/train_unsloth.py (attempt 1/3)...
[2025-10-28T17:22:03.321Z] Upload of train_unsloth.py successful.
[2025-10-28T17:22:07.417Z] Upload verification: 3fae22d89cc0a62480b460db7e4b98c748830959d9cf45475199928ce2916db4  /workspace/input/config.json
[2025-10-28T17:22:07.417Z] Executing remote training script...
